[2025-10-18 06:35:22Z INFO HostContext] No proxy settings were found based on environmental variables (http_proxy/https_proxy/HTTP_PROXY/HTTPS_PROXY)
[2025-10-18 06:35:22Z INFO HostContext] Well known directory 'Bin': 'C:\Users\MrP\Desktop\Learning Spring Boot\financial_app\actions-runner\bin'
[2025-10-18 06:35:22Z INFO HostContext] Well known directory 'Root': 'C:\Users\MrP\Desktop\Learning Spring Boot\financial_app\actions-runner'
[2025-10-18 06:35:22Z INFO HostContext] Well known config file 'Credentials': 'C:\Users\MrP\Desktop\Learning Spring Boot\financial_app\actions-runner\.credentials'
[2025-10-18 06:35:22Z INFO HostContext] Well known directory 'Bin': 'C:\Users\MrP\Desktop\Learning Spring Boot\financial_app\actions-runner\bin'
[2025-10-18 06:35:22Z INFO HostContext] Well known directory 'Root': 'C:\Users\MrP\Desktop\Learning Spring Boot\financial_app\actions-runner'
[2025-10-18 06:35:22Z INFO HostContext] Well known config file 'Runner': 'C:\Users\MrP\Desktop\Learning Spring Boot\financial_app\actions-runner\.runner'
[2025-10-18 06:35:22Z INFO Listener] Runner is built for Windows (X64) - win-x64.
[2025-10-18 06:35:22Z INFO Listener] RuntimeInformation: Microsoft Windows 10.0.26100.
[2025-10-18 06:35:22Z INFO Listener] Version: 2.329.0
[2025-10-18 06:35:22Z INFO Listener] Commit: c76c59996c8fa32e989164a5a695efb12608ae5a
[2025-10-18 06:35:22Z INFO Listener] Culture: en-US
[2025-10-18 06:35:22Z INFO Listener] UI Culture: en-US
[2025-10-18 06:35:22Z INFO HostContext] Well known directory 'Bin': 'C:\Users\MrP\Desktop\Learning Spring Boot\financial_app\actions-runner\bin'
[2025-10-18 06:35:22Z INFO HostContext] Well known directory 'Root': 'C:\Users\MrP\Desktop\Learning Spring Boot\financial_app\actions-runner'
[2025-10-18 06:35:22Z INFO Listener] Validating directory permissions for: 'C:\Users\MrP\Desktop\Learning Spring Boot\financial_app\actions-runner'
[2025-10-18 06:35:22Z INFO CommandLineParser] Parse
[2025-10-18 06:35:22Z INFO CommandLineParser] Parsing 5 args
[2025-10-18 06:35:22Z INFO CommandLineParser] parsing argument
[2025-10-18 06:35:22Z INFO CommandLineParser] HasArgs: False
[2025-10-18 06:35:22Z INFO CommandLineParser] Adding Command: configure
[2025-10-18 06:35:22Z INFO CommandLineParser] parsing argument
[2025-10-18 06:35:22Z INFO CommandLineParser] HasArgs: True
[2025-10-18 06:35:22Z INFO CommandLineParser] arg: url
[2025-10-18 06:35:22Z INFO CommandLineParser] parsing argument
[2025-10-18 06:35:22Z INFO CommandLineParser] HasArgs: True
[2025-10-18 06:35:22Z INFO CommandLineParser] Adding option 'url': 'https://github.com/ItsMePince/financial_app'
[2025-10-18 06:35:22Z INFO CommandLineParser] parsing argument
[2025-10-18 06:35:22Z INFO CommandLineParser] HasArgs: True
[2025-10-18 06:35:22Z INFO CommandLineParser] arg: token
[2025-10-18 06:35:22Z INFO CommandLineParser] parsing argument
[2025-10-18 06:35:22Z INFO CommandLineParser] HasArgs: True
[2025-10-18 06:35:22Z INFO CommandLineParser] Adding option 'token': '***'
[2025-10-18 06:35:22Z INFO Listener] Arguments parsed
[2025-10-18 06:35:22Z INFO Runner] ExecuteCommand
[2025-10-18 06:35:22Z INFO ConfigurationStore] currentAssemblyLocation: C:\Users\MrP\Desktop\Learning Spring Boot\financial_app\actions-runner\bin\Runner.Listener.dll
[2025-10-18 06:35:22Z INFO HostContext] Well known directory 'Bin': 'C:\Users\MrP\Desktop\Learning Spring Boot\financial_app\actions-runner\bin'
[2025-10-18 06:35:22Z INFO ConfigurationStore] binPath: C:\Users\MrP\Desktop\Learning Spring Boot\financial_app\actions-runner\bin
[2025-10-18 06:35:22Z INFO HostContext] Well known directory 'Bin': 'C:\Users\MrP\Desktop\Learning Spring Boot\financial_app\actions-runner\bin'
[2025-10-18 06:35:22Z INFO HostContext] Well known directory 'Root': 'C:\Users\MrP\Desktop\Learning Spring Boot\financial_app\actions-runner'
[2025-10-18 06:35:22Z INFO ConfigurationStore] RootFolder: C:\Users\MrP\Desktop\Learning Spring Boot\financial_app\actions-runner
[2025-10-18 06:35:22Z INFO HostContext] Well known directory 'Bin': 'C:\Users\MrP\Desktop\Learning Spring Boot\financial_app\actions-runner\bin'
[2025-10-18 06:35:22Z INFO HostContext] Well known directory 'Root': 'C:\Users\MrP\Desktop\Learning Spring Boot\financial_app\actions-runner'
[2025-10-18 06:35:22Z INFO HostContext] Well known config file 'Runner': 'C:\Users\MrP\Desktop\Learning Spring Boot\financial_app\actions-runner\.runner'
[2025-10-18 06:35:22Z INFO ConfigurationStore] ConfigFilePath: C:\Users\MrP\Desktop\Learning Spring Boot\financial_app\actions-runner\.runner
[2025-10-18 06:35:22Z INFO HostContext] Well known directory 'Bin': 'C:\Users\MrP\Desktop\Learning Spring Boot\financial_app\actions-runner\bin'
[2025-10-18 06:35:22Z INFO HostContext] Well known directory 'Root': 'C:\Users\MrP\Desktop\Learning Spring Boot\financial_app\actions-runner'
[2025-10-18 06:35:22Z INFO HostContext] Well known config file 'MigratedRunner': 'C:\Users\MrP\Desktop\Learning Spring Boot\financial_app\actions-runner\.runner_migrated'
[2025-10-18 06:35:22Z INFO ConfigurationStore] MigratedConfigFilePath: C:\Users\MrP\Desktop\Learning Spring Boot\financial_app\actions-runner\.runner_migrated
[2025-10-18 06:35:22Z INFO HostContext] Well known directory 'Bin': 'C:\Users\MrP\Desktop\Learning Spring Boot\financial_app\actions-runner\bin'
[2025-10-18 06:35:22Z INFO HostContext] Well known directory 'Root': 'C:\Users\MrP\Desktop\Learning Spring Boot\financial_app\actions-runner'
[2025-10-18 06:35:22Z INFO HostContext] Well known config file 'Credentials': 'C:\Users\MrP\Desktop\Learning Spring Boot\financial_app\actions-runner\.credentials'
[2025-10-18 06:35:22Z INFO ConfigurationStore] CredFilePath: C:\Users\MrP\Desktop\Learning Spring Boot\financial_app\actions-runner\.credentials
[2025-10-18 06:35:22Z INFO HostContext] Well known directory 'Bin': 'C:\Users\MrP\Desktop\Learning Spring Boot\financial_app\actions-runner\bin'
[2025-10-18 06:35:22Z INFO HostContext] Well known directory 'Root': 'C:\Users\MrP\Desktop\Learning Spring Boot\financial_app\actions-runner'
[2025-10-18 06:35:22Z INFO HostContext] Well known config file 'MigratedCredentials': 'C:\Users\MrP\Desktop\Learning Spring Boot\financial_app\actions-runner\.credentials_migrated'
[2025-10-18 06:35:22Z INFO ConfigurationStore] MigratedCredFilePath: C:\Users\MrP\Desktop\Learning Spring Boot\financial_app\actions-runner\.credentials_migrated
[2025-10-18 06:35:22Z INFO HostContext] Well known directory 'Bin': 'C:\Users\MrP\Desktop\Learning Spring Boot\financial_app\actions-runner\bin'
[2025-10-18 06:35:22Z INFO HostContext] Well known directory 'Root': 'C:\Users\MrP\Desktop\Learning Spring Boot\financial_app\actions-runner'
[2025-10-18 06:35:22Z INFO HostContext] Well known config file 'Service': 'C:\Users\MrP\Desktop\Learning Spring Boot\financial_app\actions-runner\.service'
[2025-10-18 06:35:22Z INFO ConfigurationStore] ServiceConfigFilePath: C:\Users\MrP\Desktop\Learning Spring Boot\financial_app\actions-runner\.service
[2025-10-18 06:35:22Z INFO CommandSettings] Flag 'help': 'False'
[2025-10-18 06:35:22Z INFO CommandSettings] Flag 'version': 'False'
[2025-10-18 06:35:22Z INFO CommandSettings] Flag 'commit': 'False'
[2025-10-18 06:35:22Z INFO CommandSettings] Flag 'check': 'False'
[2025-10-18 06:35:22Z INFO CommandSettings] Command 'configure': 'True'
[2025-10-18 06:35:22Z INFO Terminal] WRITE LINE: 
[2025-10-18 06:35:22Z INFO Terminal] WRITE LINE: --------------------------------------------------------------------------------
[2025-10-18 06:35:22Z INFO Terminal] WRITE LINE: |        ____ _ _   _   _       _          _        _   _                      |
[2025-10-18 06:35:22Z INFO Terminal] WRITE LINE: |       / ___(_) |_| | | |_   _| |__      / \   ___| |_(_) ___  _ __  ___      |
[2025-10-18 06:35:22Z INFO Terminal] WRITE LINE: |      | |  _| | __| |_| | | | | '_ \    / _ \ / __| __| |/ _ \| '_ \/ __|     |
[2025-10-18 06:35:22Z INFO Terminal] WRITE LINE: |      | |_| | | |_|  _  | |_| | |_) |  / ___ \ (__| |_| | (_) | | | \__ \     |
[2025-10-18 06:35:22Z INFO Terminal] WRITE LINE: |       \____|_|\__|_| |_|\__,_|_.__/  /_/   \_\___|\__|_|\___/|_| |_|___/     |
[2025-10-18 06:35:22Z INFO Terminal] WRITE LINE: |                                                                              |
[2025-10-18 06:35:22Z INFO Terminal] WRITE: |                       
[2025-10-18 06:35:22Z INFO Terminal] WRITE: Self-hosted runner registration
[2025-10-18 06:35:22Z INFO Terminal] WRITE LINE:                         |
[2025-10-18 06:35:22Z INFO Terminal] WRITE LINE: |                                                                              |
[2025-10-18 06:35:22Z INFO Terminal] WRITE LINE: --------------------------------------------------------------------------------
[2025-10-18 06:35:22Z INFO ConfigurationManager] ConfigureAsync
[2025-10-18 06:35:22Z INFO CommandSettings] Flag 'generateServiceConfig': 'False'
[2025-10-18 06:35:22Z INFO ConfigurationStore] IsConfigured()
[2025-10-18 06:35:22Z INFO ConfigurationStore] IsConfigured: False
[2025-10-18 06:35:22Z INFO ConfigurationManager] Is configured: False
[2025-10-18 06:35:22Z INFO CommandSettings] Arg 'url': 'https://github.com/ItsMePince/financial_app'
[2025-10-18 06:35:22Z INFO CommandSettings] Remove url from Arg dictionary.
[2025-10-18 06:35:22Z INFO CommandSettings] Arg 'token': '***'
[2025-10-18 06:35:22Z INFO CommandSettings] Remove token from Arg dictionary.
[2025-10-18 06:35:23Z INFO ConfigurationManager] Http response code: OK from 'POST https://api.github.com/actions/runner-registration' (F411:28D440:E0858A:1171F6B:68F3352A)
[2025-10-18 06:35:23Z INFO ConfigurationManager] Using runner-admin flow: False
[2025-10-18 06:35:23Z INFO ConfigurationManager] cred retrieved via GitHub auth
[2025-10-18 06:35:23Z INFO RunnerServer] EstablishVssConnection
[2025-10-18 06:35:23Z INFO RunnerServer] Establish connection with 100 seconds timeout.
[2025-10-18 06:35:23Z INFO GitHubActionsService] Starting operation Location.GetConnectionData
[2025-10-18 06:35:23Z INFO RunnerServer] EstablishVssConnection
[2025-10-18 06:35:23Z INFO RunnerServer] Establish connection with 60 seconds timeout.
[2025-10-18 06:35:23Z INFO GitHubActionsService] Starting operation Location.GetConnectionData
[2025-10-18 06:35:23Z INFO RunnerServer] EstablishVssConnection
[2025-10-18 06:35:23Z INFO RunnerServer] Establish connection with 60 seconds timeout.
[2025-10-18 06:35:23Z INFO GitHubActionsService] Starting operation Location.GetConnectionData
[2025-10-18 06:35:24Z INFO GitHubActionsService] Finished operation Location.GetConnectionData
[2025-10-18 06:35:24Z INFO GitHubActionsService] Finished operation Location.GetConnectionData
[2025-10-18 06:35:24Z INFO GitHubActionsService] Finished operation Location.GetConnectionData
[2025-10-18 06:35:24Z INFO Terminal] WRITE LINE: 
[2025-10-18 06:35:24Z INFO ConfigurationManager] Test Connection complete.
[2025-10-18 06:35:24Z INFO HostContext] Well known directory 'Bin': 'C:\Users\MrP\Desktop\Learning Spring Boot\financial_app\actions-runner\bin'
[2025-10-18 06:35:24Z INFO HostContext] Well known directory 'Root': 'C:\Users\MrP\Desktop\Learning Spring Boot\financial_app\actions-runner'
[2025-10-18 06:35:24Z INFO HostContext] Well known config file 'RSACredentials': 'C:\Users\MrP\Desktop\Learning Spring Boot\financial_app\actions-runner\.credentials_rsaparams'
[2025-10-18 06:35:24Z INFO RSAEncryptedFileKeyManager] Found existing RSA key parameters file C:\Users\MrP\Desktop\Learning Spring Boot\financial_app\actions-runner\.credentials_rsaparams
[2025-10-18 06:35:25Z INFO CommandSettings] Arg 'runnergroup': ''
[2025-10-18 06:35:25Z INFO CommandSettings] Flag 'unattended': 'False'
[2025-10-18 06:35:25Z INFO PromptManager] ReadValue
[2025-10-18 06:35:25Z INFO Terminal] WRITE: Enter the name of the runner group to add this runner to: 
[2025-10-18 06:35:25Z INFO Terminal] WRITE: [press Enter for Default] 
[2025-10-18 06:35:25Z INFO Terminal] READ LINE
[2025-10-18 06:35:27Z INFO Terminal] Read value: ''
[2025-10-18 06:35:27Z INFO PromptManager] Falling back to the default: 'Default'
[2025-10-18 06:35:27Z INFO Terminal] WRITE LINE: 
[2025-10-18 06:35:27Z INFO ConfigurationManager] Found a self-hosted runner group with id 1 and name Default
[2025-10-18 06:35:27Z INFO CommandSettings] Flag 'disableupdate': 'False'
[2025-10-18 06:35:27Z INFO CommandSettings] Flag 'ephemeral': 'False'
[2025-10-18 06:35:27Z INFO CommandSettings] Arg 'name': ''
[2025-10-18 06:35:27Z INFO CommandSettings] Flag 'unattended': 'False'
[2025-10-18 06:35:27Z INFO PromptManager] ReadValue
[2025-10-18 06:35:27Z INFO Terminal] WRITE: Enter the name of runner: 
[2025-10-18 06:35:27Z INFO Terminal] WRITE: [press Enter for MSI] 
[2025-10-18 06:35:27Z INFO Terminal] READ LINE
[2025-10-18 06:35:39Z INFO Terminal] Read value: ''
[2025-10-18 06:35:39Z INFO PromptManager] Falling back to the default: 'MSI'
[2025-10-18 06:35:39Z INFO Terminal] WRITE LINE: 
[2025-10-18 06:35:39Z INFO CommandSettings] Arg 'labels': ''
[2025-10-18 06:35:39Z INFO CommandSettings] Flag 'unattended': 'False'
[2025-10-18 06:35:39Z INFO PromptManager] ReadValue
[2025-10-18 06:35:39Z INFO Terminal] WRITE: This runner will have the following labels: 'self-hosted', 'Windows', 'X64' 
Enter any additional labels (ex. label-1,label-2): 
[2025-10-18 06:35:39Z INFO Terminal] WRITE: [press Enter to skip] 
[2025-10-18 06:35:39Z INFO Terminal] READ LINE
[2025-10-18 06:36:01Z INFO Terminal] Read value: 'docker-desktop,k8s,windows'
[2025-10-18 06:36:01Z INFO Terminal] WRITE LINE: 
[2025-10-18 06:36:02Z INFO CommandSettings] Flag 'disableupdate': 'False'
[2025-10-18 06:36:02Z INFO CommandSettings] Flag 'no-default-labels': 'False'
[2025-10-18 06:36:02Z INFO CommandSettings] Flag 'disableupdate': 'False'
[2025-10-18 06:36:02Z INFO CommandSettings] Flag 'ephemeral': 'False'
[2025-10-18 06:36:02Z INFO ConfigurationStore] Saving OAuth credential @ C:\Users\MrP\Desktop\Learning Spring Boot\financial_app\actions-runner\.credentials
[2025-10-18 06:36:02Z INFO ConfigurationStore] Credentials Saved.
[2025-10-18 06:36:02Z INFO ConfigurationManager] Service enforced serverUrlV2: https://broker.actions.githubusercontent.com/
[2025-10-18 06:36:02Z INFO ConfigurationManager] Service enforced useV2Flow: True
[2025-10-18 06:36:02Z INFO CommandSettings] Arg 'work': ''
[2025-10-18 06:36:02Z INFO CommandSettings] Flag 'unattended': 'False'
[2025-10-18 06:36:02Z INFO PromptManager] ReadValue
[2025-10-18 06:36:02Z INFO Terminal] WRITE: Enter name of work folder: 
[2025-10-18 06:36:02Z INFO Terminal] WRITE: [press Enter for _work] 
[2025-10-18 06:36:02Z INFO Terminal] READ LINE
[2025-10-18 06:36:13Z INFO Terminal] Read value: ''
[2025-10-18 06:36:13Z INFO PromptManager] Falling back to the default: '_work'
[2025-10-18 06:36:13Z INFO ConfigurationStore] Saving runner settings.
[2025-10-18 06:36:13Z INFO ConfigurationStore] Settings Saved.
[2025-10-18 06:36:13Z INFO Terminal] WRITE LINE: 
[2025-10-18 06:36:13Z INFO Terminal] WRITE LINE: 
[2025-10-18 06:36:13Z INFO CommandSettings] Flag 'runasservice': 'False'
[2025-10-18 06:36:13Z INFO CommandSettings] Flag 'unattended': 'False'
[2025-10-18 06:36:13Z INFO PromptManager] ReadValue
[2025-10-18 06:36:13Z INFO Terminal] WRITE: Would you like to run the runner as service? (Y/N) 
[2025-10-18 06:36:13Z INFO Terminal] WRITE: [press Enter for N] 
[2025-10-18 06:36:13Z INFO Terminal] READ LINE
[2025-10-18 06:37:15Z INFO Terminal] Read value: 'Y'
[2025-10-18 06:37:15Z INFO ConfigurationManager] Configuring to run the agent as service
[2025-10-18 06:37:15Z ERR  WindowsServiceControlManager] Needs Administrator privileges for configure runner as windows service.
[2025-10-18 06:37:15Z ERR  Runner] System.Security.SecurityException: Needs Administrator privileges for configuring runner as windows service.
   at GitHub.Runner.Listener.Configuration.WindowsServiceControlManager.ConfigureService(RunnerSettings settings, CommandSettings command)
   at GitHub.Runner.Listener.Configuration.ConfigurationManager.ConfigureAsync(CommandSettings command)
   at GitHub.Runner.Listener.Runner.ExecuteCommand(CommandSettings command)
[2025-10-18 06:37:15Z ERR  Terminal] WRITE ERROR: Needs Administrator privileges for configuring runner as windows service.
[2025-10-18 06:37:15Z INFO Listener] Runner execution has finished with return code 1
